#
# There is insufficient memory for the Java Runtime Environment to continue.
# Native memory allocation (malloc) failed to allocate 263776 bytes for Chunk::new
# Possible reasons:
#   The system is out of physical RAM or swap space
#   The process is running with CompressedOops enabled, and the Java Heap may be blocking the growth of the native heap
# Possible solutions:
#   Reduce memory load on the system
#   Increase physical memory or swap space
#   Check if swap backing store is full
#   Decrease Java heap size (-Xmx/-Xms)
#   Decrease number of Java threads
#   Decrease Java thread stack sizes (-Xss)
#   Set larger code cache with -XX:ReservedCodeCacheSize=
#   JVM is running with Unscaled Compressed Oops mode in which the Java heap is
#     placed in the first 4GB address space. The Java Heap base address is the
#     maximum limit for the native heap growth. Please use -XX:HeapBaseMinAddress
#     to set the Java Heap base and to place the Java Heap above 4GB virtual address.
# This output file may be truncated or incomplete.
#
#  Out of Memory Error (allocation.cpp:389), pid=18608, tid=0x0000000000005c2c
#
# JRE version: OpenJDK Runtime Environment (Zulu 8.52.0.23-CA-win64) (8.0_282-b08) (build 1.8.0_282-b08)
# Java VM: OpenJDK 64-Bit Server VM (25.282-b08 mixed mode windows-amd64 compressed oops)
# Failed to write core dump. Minidumps are not enabled by default on client versions of Windows
#

---------------  T H R E A D  ---------------

Current thread (0x0000000019ed0000):  JavaThread "C2 CompilerThread0" daemon [_thread_in_native, id=23596, stack(0x000000001ac20000,0x000000001ad20000)]

Stack: [0x000000001ac20000,0x000000001ad20000]
[error occurred during error reporting (printing stack bounds), id 0xc0000005]

Native frames: (J=compiled Java code, j=interpreted, Vv=VM code, C=native code)


Current CompileTask:
C2: 281982 3512       4       groovyjarjarantlr.CharScanner::consume (83 bytes)


---------------  P R O C E S S  ---------------

Java Threads: ( => current thread )
  0x000000001a53e800 JavaThread "Okio Watchdog" daemon [_thread_blocked, id=14444, stack(0x0000000020310000,0x0000000020410000)]
  0x000000001be7e800 JavaThread "OkHttp ConnectionPool" daemon [_thread_blocked, id=22364, stack(0x0000000020210000,0x0000000020310000)]
  0x000000001b873800 JavaThread "Exec Stream Pumper" daemon [_thread_in_native, id=18768, stack(0x000000001fa10000,0x000000001fb10000)]
  0x000000001e57a800 JavaThread "Exec Stream Pumper" daemon [_thread_in_native, id=17624, stack(0x000000001f910000,0x000000001fa10000)]
  0x000000001a27b800 JavaThread "Exec Default Executor" daemon [_thread_in_native, id=15908, stack(0x000000001f710000,0x000000001f810000)]
  0x0000000019eee800 JavaThread "Service Thread" daemon [_thread_blocked, id=22560, stack(0x000000001b120000,0x000000001b220000)]
  0x0000000019edf800 JavaThread "C1 CompilerThread3" daemon [_thread_blocked, id=17696, stack(0x000000001b020000,0x000000001b120000)]
  0x0000000019ed3800 JavaThread "C2 CompilerThread2" daemon [_thread_blocked, id=7748, stack(0x000000001ae20000,0x000000001af20000)]
  0x0000000019ed3000 JavaThread "C2 CompilerThread1" daemon [_thread_blocked, id=15000, stack(0x000000001ad20000,0x000000001ae20000)]
=>0x0000000019ed0000 JavaThread "C2 CompilerThread0" daemon [_thread_in_native, id=23596, stack(0x000000001ac20000,0x000000001ad20000)]
  0x0000000019ec3800 JavaThread "Attach Listener" daemon [_thread_blocked, id=22324, stack(0x000000001ab20000,0x000000001ac20000)]
  0x0000000019ec3000 JavaThread "Signal Dispatcher" daemon [_thread_blocked, id=23704, stack(0x000000001aa20000,0x000000001ab20000)]
  0x0000000019b48800 JavaThread "Finalizer" daemon [_thread_blocked, id=3868, stack(0x000000001a020000,0x000000001a120000)]
  0x0000000017d3e800 JavaThread "Reference Handler" daemon [_thread_blocked, id=7224, stack(0x0000000019f20000,0x000000001a020000)]
  0x0000000002bd6800 JavaThread "main" [_thread_in_Java, id=14916, stack(0x0000000002a90000,0x0000000002b90000)]

Other Threads:
  0x0000000017d35800 VMThread [stack: 0x0000000019a20000,0x0000000019b20000] [id=4508]
  0x000000001a292000 WatcherThread [stack: 0x000000001b220000,0x000000001b320000] [id=5168]

VM state:not at safepoint (normal execution)

VM Mutex/Monitor currently owned by a thread: None

heap address: 0x0000000080000000, size: 2048 MB, Compressed Oops mode: 32-bit
Narrow klass base: 0x0000000000000000, Narrow klass shift: 3
Compressed class space size: 1073741824 Address: 0x0000000100000000

Heap:
 PSYoungGen      total 261632K, used 73327K [0x00000000d5580000, 0x00000000ee380000, 0x0000000100000000)
  eden space 251392K, 25% used [0x00000000d5580000,0x00000000d9320340,0x00000000e4b00000)
  from space 10240K, 99% used [0x00000000e4b00000,0x00000000e54fb9c0,0x00000000e5500000)
  to   space 13824K, 0% used [0x00000000ed600000,0x00000000ed600000,0x00000000ee380000)
 ParOldGen       total 47104K, used 13558K [0x0000000080000000, 0x0000000082e00000, 0x00000000d5580000)
  object space 47104K, 28% used [0x0000000080000000,0x0000000080d3d848,0x0000000082e00000)
 Metaspace       used 31294K, capacity 32300K, committed 32512K, reserved 1077248K
  class space    used 3707K, capacity 4018K, committed 4096K, reserved 1048576K

Card table byte_map: [0x0000000012080000,0x0000000012490000] byte_map_base: 0x0000000011c80000

Marking Bits: (ParMarkBitMap*) 0x00000000707d1f00
 Begin Bits: [0x0000000012f40000, 0x0000000014f40000)
 End Bits:   [0x0000000014f40000, 0x0000000016f40000)

Polling page: 0x00000000010f0000

CodeCache: size=245760Kb used=11799Kb max_used=12843Kb free=233960Kb
 bounds [0x0000000002cc0000, 0x0000000003970000, 0x0000000011cc0000]
 total_blobs=3749 nmethods=3054 adapters=605
 compilation: enabled

Compilation events (10 events):
Event: 281.962 Thread 0x0000000019edf800 3508       3       org.dom4j.tree.AbstractElement::add (6 bytes)
Event: 281.962 Thread 0x0000000019edf800 nmethod 3508 0x0000000003212d10 code [0x0000000003212e80, 0x0000000003213088]
Event: 281.962 Thread 0x0000000019edf800 3509       3       org.dom4j.tree.AbstractElement::addNode (61 bytes)
Event: 281.963 Thread 0x0000000019edf800 nmethod 3509 0x0000000002ed5e10 code [0x0000000002ed6060, 0x0000000002ed7258]
Event: 281.963 Thread 0x0000000019edf800 3514       1       org.codehaus.groovy.ast.VariableScope::getClassScope (5 bytes)
Event: 281.963 Thread 0x0000000019edf800 nmethod 3514 0x00000000031ed1d0 code [0x00000000031ed320, 0x00000000031ed430]
Event: 281.966 Thread 0x0000000019edf800 3515  s    3       sun.net.www.protocol.file.Handler::openConnection (7 bytes)
Event: 281.967 Thread 0x0000000019edf800 nmethod 3515 0x00000000032127d0 code [0x0000000003212940, 0x0000000003212c48]
Event: 281.967 Thread 0x0000000019edf800 3516  s!   3       sun.net.www.protocol.file.Handler::openConnection (273 bytes)
Event: 281.969 Thread 0x0000000019edf800 nmethod 3516 0x000000000333ef50 code [0x000000000333f3e0, 0x00000000033422e8]

GC Heap History (10 events):
Event: 4.202 GC heap before
{Heap before GC invocations=6 (full 0):
 PSYoungGen      total 70656K, used 70631K [0x00000000d5580000, 0x00000000de580000, 0x0000000100000000)
  eden space 65536K, 100% used [0x00000000d5580000,0x00000000d9580000,0x00000000d9580000)
  from space 5120K, 99% used [0x00000000d9580000,0x00000000d9a79c70,0x00000000d9a80000)
  to   space 8192K, 0% used [0x00000000ddd80000,0x00000000ddd80000,0x00000000de580000)
 ParOldGen       total 86016K, used 3664K [0x0000000080000000, 0x0000000085400000, 0x00000000d5580000)
  object space 86016K, 4% used [0x0000000080000000,0x0000000080394220,0x0000000085400000)
 Metaspace       used 20745K, capacity 21004K, committed 21296K, reserved 1069056K
  class space    used 2312K, capacity 2422K, committed 2432K, reserved 1048576K
Event: 4.216 GC heap after
Heap after GC invocations=6 (full 0):
 PSYoungGen      total 137728K, used 8167K [0x00000000d5580000, 0x00000000de880000, 0x0000000100000000)
  eden space 129536K, 0% used [0x00000000d5580000,0x00000000d5580000,0x00000000dd400000)
  from space 8192K, 99% used [0x00000000ddd80000,0x00000000de579e58,0x00000000de580000)
  to   space 9728K, 0% used [0x00000000dd400000,0x00000000dd400000,0x00000000ddd80000)
 ParOldGen       total 86016K, used 4582K [0x0000000080000000, 0x0000000085400000, 0x00000000d5580000)
  object space 86016K, 5% used [0x0000000080000000,0x0000000080479860,0x0000000085400000)
 Metaspace       used 20745K, capacity 21004K, committed 21296K, reserved 1069056K
  class space    used 2312K, capacity 2422K, committed 2432K, reserved 1048576K
}
Event: 4.222 GC heap before
{Heap before GC invocations=7 (full 0):
 PSYoungGen      total 137728K, used 10769K [0x00000000d5580000, 0x00000000de880000, 0x0000000100000000)
  eden space 129536K, 2% used [0x00000000d5580000,0x00000000d580a898,0x00000000dd400000)
  from space 8192K, 99% used [0x00000000ddd80000,0x00000000de579e58,0x00000000de580000)
  to   space 9728K, 0% used [0x00000000dd400000,0x00000000dd400000,0x00000000ddd80000)
 ParOldGen       total 86016K, used 4582K [0x0000000080000000, 0x0000000085400000, 0x00000000d5580000)
  object space 86016K, 5% used [0x0000000080000000,0x0000000080479860,0x0000000085400000)
 Metaspace       used 20804K, capacity 21068K, committed 21296K, reserved 1069056K
  class space    used 2313K, capacity 2422K, committed 2432K, reserved 1048576K
Event: 4.237 GC heap after
Heap after GC invocations=7 (full 0):
 PSYoungGen      total 139264K, used 3782K [0x00000000d5580000, 0x00000000e6580000, 0x0000000100000000)
  eden space 129536K, 0% used [0x00000000d5580000,0x00000000d5580000,0x00000000dd400000)
  from space 9728K, 38% used [0x00000000dd400000,0x00000000dd7b1af0,0x00000000ddd80000)
  to   space 9728K, 0% used [0x00000000e5c00000,0x00000000e5c00000,0x00000000e6580000)
 ParOldGen       total 86016K, used 7878K [0x0000000080000000, 0x0000000085400000, 0x00000000d5580000)
  object space 86016K, 9% used [0x0000000080000000,0x00000000807b1818,0x0000000085400000)
 Metaspace       used 20804K, capacity 21068K, committed 21296K, reserved 1069056K
  class space    used 2313K, capacity 2422K, committed 2432K, reserved 1048576K
}
Event: 4.237 GC heap before
{Heap before GC invocations=8 (full 1):
 PSYoungGen      total 139264K, used 3782K [0x00000000d5580000, 0x00000000e6580000, 0x0000000100000000)
  eden space 129536K, 0% used [0x00000000d5580000,0x00000000d5580000,0x00000000dd400000)
  from space 9728K, 38% used [0x00000000dd400000,0x00000000dd7b1af0,0x00000000ddd80000)
  to   space 9728K, 0% used [0x00000000e5c00000,0x00000000e5c00000,0x00000000e6580000)
 ParOldGen       total 86016K, used 7878K [0x0000000080000000, 0x0000000085400000, 0x00000000d5580000)
  object space 86016K, 9% used [0x0000000080000000,0x00000000807b1818,0x0000000085400000)
 Metaspace       used 20804K, capacity 21068K, committed 21296K, reserved 1069056K
  class space    used 2313K, capacity 2422K, committed 2432K, reserved 1048576K
Event: 4.296 GC heap after
Heap after GC invocations=8 (full 1):
 PSYoungGen      total 139264K, used 0K [0x00000000d5580000, 0x00000000e6580000, 0x0000000100000000)
  eden space 129536K, 0% used [0x00000000d5580000,0x00000000d5580000,0x00000000dd400000)
  from space 9728K, 0% used [0x00000000dd400000,0x00000000dd400000,0x00000000ddd80000)
  to   space 9728K, 0% used [0x00000000e5c00000,0x00000000e5c00000,0x00000000e6580000)
 ParOldGen       total 47104K, used 8335K [0x0000000080000000, 0x0000000082e00000, 0x00000000d5580000)
  object space 47104K, 17% used [0x0000000080000000,0x0000000080823ff0,0x0000000082e00000)
 Metaspace       used 20804K, capacity 21068K, committed 21296K, reserved 1069056K
  class space    used 2313K, capacity 2422K, committed 2432K, reserved 1048576K
}
Event: 5.206 GC heap before
{Heap before GC invocations=9 (full 1):
 PSYoungGen      total 139264K, used 129536K [0x00000000d5580000, 0x00000000e6580000, 0x0000000100000000)
  eden space 129536K, 100% used [0x00000000d5580000,0x00000000dd400000,0x00000000dd400000)
  from space 9728K, 0% used [0x00000000dd400000,0x00000000dd400000,0x00000000ddd80000)
  to   space 9728K, 0% used [0x00000000e5c00000,0x00000000e5c00000,0x00000000e6580000)
 ParOldGen       total 47104K, used 8335K [0x0000000080000000, 0x0000000082e00000, 0x00000000d5580000)
  object space 47104K, 17% used [0x0000000080000000,0x0000000080823ff0,0x0000000082e00000)
 Metaspace       used 22134K, capacity 22456K, committed 22704K, reserved 1069056K
  class space    used 2432K, capacity 2541K, committed 2560K, reserved 1048576K
Event: 5.208 GC heap after
Heap after GC invocations=9 (full 1):
 PSYoungGen      total 250880K, used 2784K [0x00000000d5580000, 0x00000000e5f00000, 0x0000000100000000)
  eden space 247808K, 0% used [0x00000000d5580000,0x00000000d5580000,0x00000000e4780000)
  from space 3072K, 90% used [0x00000000e5c00000,0x00000000e5eb83b8,0x00000000e5f00000)
  to   space 10240K, 0% used [0x00000000e4b00000,0x00000000e4b00000,0x00000000e5500000)
 ParOldGen       total 47104K, used 8343K [0x0000000080000000, 0x0000000082e00000, 0x00000000d5580000)
  object space 47104K, 17% used [0x0000000080000000,0x0000000080825ff0,0x0000000082e00000)
 Metaspace       used 22134K, capacity 22456K, committed 22704K, reserved 1069056K
  class space    used 2432K, capacity 2541K, committed 2560K, reserved 1048576K
}
Event: 165.201 GC heap before
{Heap before GC invocations=10 (full 1):
 PSYoungGen      total 250880K, used 250592K [0x00000000d5580000, 0x00000000e5f00000, 0x0000000100000000)
  eden space 247808K, 100% used [0x00000000d5580000,0x00000000e4780000,0x00000000e4780000)
  from space 3072K, 90% used [0x00000000e5c00000,0x00000000e5eb83b8,0x00000000e5f00000)
  to   space 10240K, 0% used [0x00000000e4b00000,0x00000000e4b00000,0x00000000e5500000)
 ParOldGen       total 47104K, used 8343K [0x0000000080000000, 0x0000000082e00000, 0x00000000d5580000)
  object space 47104K, 17% used [0x0000000080000000,0x0000000080825ff0,0x0000000082e00000)
 Metaspace       used 31155K, capacity 32136K, committed 32256K, reserved 1077248K
  class space    used 3704K, capacity 4010K, committed 4096K, reserved 1048576K
Event: 165.214 GC heap after
Heap after GC invocations=10 (full 1):
 PSYoungGen      total 261632K, used 10222K [0x00000000d5580000, 0x00000000ee380000, 0x0000000100000000)
  eden space 251392K, 0% used [0x00000000d5580000,0x00000000d5580000,0x00000000e4b00000)
  from space 10240K, 99% used [0x00000000e4b00000,0x00000000e54fb9c0,0x00000000e5500000)
  to   space 13824K, 0% used [0x00000000ed600000,0x00000000ed600000,0x00000000ee380000)
 ParOldGen       total 47104K, used 13558K [0x0000000080000000, 0x0000000082e00000, 0x00000000d5580000)
  object space 47104K, 28% used [0x0000000080000000,0x0000000080d3d848,0x0000000082e00000)
 Metaspace       used 31155K, capacity 32136K, committed 32256K, reserved 1077248K
  class space    used 3704K, capacity 4010K, committed 4096K, reserved 1048576K
}

Deoptimization events (10 events):
Event: 8.285 Thread 0x0000000002bd6800 Uncommon trap: reason=class_check action=maybe_recompile pc=0x000000000352f524 method=java.util.HashSet.contains(Ljava/lang/Object;)Z @ 5
Event: 9.328 Thread 0x0000000002bd6800 Uncommon trap: reason=class_check action=maybe_recompile pc=0x000000000381c804 method=org.openqa.selenium.json.Input.init()V @ 18
Event: 9.329 Thread 0x0000000002bd6800 Uncommon trap: reason=class_check action=maybe_recompile pc=0x000000000381c804 method=org.openqa.selenium.json.Input.init()V @ 18
Event: 9.329 Thread 0x0000000002bd6800 Uncommon trap: reason=class_check action=maybe_recompile pc=0x000000000381c804 method=org.openqa.selenium.json.Input.init()V @ 18
Event: 9.329 Thread 0x0000000002bd6800 Uncommon trap: reason=class_check action=maybe_recompile pc=0x000000000381c804 method=org.openqa.selenium.json.Input.init()V @ 18
Event: 9.430 Thread 0x0000000002bd6800 Uncommon trap: reason=bimorphic action=maybe_recompile pc=0x0000000003200e9c method=java.util.HashMap.putVal(ILjava/lang/Object;Ljava/lang/Object;ZZ)Ljava/lang/Object; @ 203
Event: 9.432 Thread 0x0000000002bd6800 Uncommon trap: reason=bimorphic action=maybe_recompile pc=0x0000000003200e9c method=java.util.HashMap.putVal(ILjava/lang/Object;Ljava/lang/Object;ZZ)Ljava/lang/Object; @ 203
Event: 9.432 Thread 0x0000000002bd6800 Uncommon trap: reason=bimorphic action=maybe_recompile pc=0x0000000003200e9c method=java.util.HashMap.putVal(ILjava/lang/Object;Ljava/lang/Object;ZZ)Ljava/lang/Object; @ 203
Event: 9.656 Thread 0x0000000002bd6800 Uncommon trap: reason=bimorphic action=maybe_recompile pc=0x000000000330c3c4 method=java.net.URL.<init>(Ljava/net/URL;Ljava/lang/String;Ljava/net/URLStreamHandler;)V @ 504
Event: 104.542 Thread 0x0000000002bd6800 Uncommon trap: reason=unstable_if action=reinterpret pc=0x0000000002eaf5f0 method=java.lang.Character.isHighSurrogate(C)Z @ 3

Classes redefined (0 events):
No events

Internal exceptions (10 events):
Event: 256.346 Thread 0x0000000002bd6800 Exception <a 'java/security/PrivilegedActionException'> (0x00000000d87d8de0) thrown at [C:\jenkins\workspace\zulu8-silver-build-win64\zulu-src\hotspot\src\share\vm\prims\jvm.cpp, line 1529]
Event: 256.346 Thread 0x0000000002bd6800 Exception <a 'java/security/PrivilegedActionException'> (0x00000000d87d93c0) thrown at [C:\jenkins\workspace\zulu8-silver-build-win64\zulu-src\hotspot\src\share\vm\prims\jvm.cpp, line 1529]
Event: 256.346 Thread 0x0000000002bd6800 Exception <a 'java/security/PrivilegedActionException'> (0x00000000d87ec358) thrown at [C:\jenkins\workspace\zulu8-silver-build-win64\zulu-src\hotspot\src\share\vm\prims\jvm.cpp, line 1529]
Event: 256.347 Thread 0x0000000002bd6800 Exception <a 'java/security/PrivilegedActionException'> (0x00000000d87ec938) thrown at [C:\jenkins\workspace\zulu8-silver-build-win64\zulu-src\hotspot\src\share\vm\prims\jvm.cpp, line 1529]
Event: 256.372 Thread 0x0000000002bd6800 Exception <a 'java/lang/ClassNotFoundException': Script1BeanInfo> (0x00000000d89aac90) thrown at [C:\jenkins\workspace\zulu8-silver-build-win64\zulu-src\hotspot\src\share\vm\classfile\systemDictionary.cpp, line 220]
Event: 256.378 Thread 0x0000000002bd6800 Exception <a 'java/lang/ClassNotFoundException': Script1Customizer> (0x00000000d8a37598) thrown at [C:\jenkins\workspace\zulu8-silver-build-win64\zulu-src\hotspot\src\share\vm\classfile\systemDictionary.cpp, line 220]
Event: 256.410 Thread 0x0000000002bd6800 Exception <a 'java/net/SocketTimeoutException': Read timed out> (0x00000000d8c2e0c8) thrown at [C:\jenkins\workspace\zulu8-silver-build-win64\zulu-src\hotspot\src\share\vm\prims\jni.cpp, line 738]
Event: 280.902 Thread 0x0000000002bd6800 Exception <a 'java/net/SocketTimeoutException': Read timed out> (0x00000000d8c49da0) thrown at [C:\jenkins\workspace\zulu8-silver-build-win64\zulu-src\hotspot\src\share\vm\prims\jni.cpp, line 738]
Event: 281.904 Thread 0x0000000002bd6800 Exception <a 'java/net/SocketTimeoutException': Read timed out> (0x00000000d8c5e0e8) thrown at [C:\jenkins\workspace\zulu8-silver-build-win64\zulu-src\hotspot\src\share\vm\prims\jni.cpp, line 738]
Event: 281.919 Thread 0x0000000002bd6800 Exception <a 'java/net/SocketTimeoutException': Read timed out> (0x00000000d8c7a338) thrown at [C:\jenkins\workspace\zulu8-silver-build-win64\zulu-src\hotspot\src\share\vm\prims\jni.cpp, line 738]

Events (10 events):
Event: 281.966 loading class internal$GlobalVariable
Event: 281.966 loading class internal$GlobalVariable done
Event: 281.970 loading class groovy/lang/GroovyObject$com$kms$katalon$core$configuration$RunConfiguration
Event: 281.970 loading class groovy/lang/GroovyObject$com$kms$katalon$core$configuration$RunConfiguration done
Event: 281.971 loading class java/lang/com$kms$katalon$core$configuration$RunConfiguration
Event: 281.971 loading class java/lang/com$kms$katalon$core$configuration$RunConfiguration done
Event: 281.972 loading class java/io/com$kms$katalon$core$configuration$RunConfiguration
Event: 281.972 loading class java/io/com$kms$katalon$core$configuration$RunConfiguration done
Event: 281.974 loading class java/net/com$kms$katalon$core$configuration$RunConfiguration
Event: 281.974 loading class java/net/com$kms$katalon$core$configuration$RunConfiguration done


Dynamic libraries:
0x00007ff77a960000 - 0x00007ff77a995000 	C:\Users\User\Downloads\Katalon_Studio_Windows_64-8.2.0\Katalon_Studio_Windows_64-8.2.0\jre\bin\javaw.exe
0x00007fff88d10000 - 0x00007fff88f05000 	C:\WINDOWS\SYSTEM32\ntdll.dll
0x00007fff871f0000 - 0x00007fff872ae000 	C:\WINDOWS\System32\KERNEL32.DLL
0x00007fff86770000 - 0x00007fff86a38000 	C:\WINDOWS\System32\KERNELBASE.dll
0x00007fff86d50000 - 0x00007fff86dfe000 	C:\WINDOWS\System32\ADVAPI32.dll
0x00007fff88220000 - 0x00007fff882be000 	C:\WINDOWS\System32\msvcrt.dll
0x00007fff880d0000 - 0x00007fff8816c000 	C:\WINDOWS\System32\sechost.dll
0x00007fff87610000 - 0x00007fff87735000 	C:\WINDOWS\System32\RPCRT4.dll
0x00007fff87400000 - 0x00007fff875a1000 	C:\WINDOWS\System32\USER32.dll
0x00007fff865e0000 - 0x00007fff86602000 	C:\WINDOWS\System32\win32u.dll
0x00007fff873d0000 - 0x00007fff873fb000 	C:\WINDOWS\System32\GDI32.dll
0x00007fff86660000 - 0x00007fff8676d000 	C:\WINDOWS\System32\gdi32full.dll
0x00007fff86450000 - 0x00007fff864ed000 	C:\WINDOWS\System32\msvcp_win.dll
0x00007fff86a40000 - 0x00007fff86b40000 	C:\WINDOWS\System32\ucrtbase.dll
0x00007fff74070000 - 0x00007fff7430a000 	C:\WINDOWS\WinSxS\amd64_microsoft.windows.common-controls_6595b64144ccf1df_6.0.19041.1110_none_60b5254171f9507e\COMCTL32.dll
0x00007fff86ed0000 - 0x00007fff86f00000 	C:\WINDOWS\System32\IMM32.DLL
0x000000006fdd0000 - 0x000000006fea2000 	C:\Users\User\Downloads\Katalon_Studio_Windows_64-8.2.0\Katalon_Studio_Windows_64-8.2.0\jre\bin\msvcr100.dll
0x000000006ff90000 - 0x0000000070855000 	C:\Users\User\Downloads\Katalon_Studio_Windows_64-8.2.0\Katalon_Studio_Windows_64-8.2.0\jre\bin\server\jvm.dll
0x00007fff882c0000 - 0x00007fff882c8000 	C:\WINDOWS\System32\PSAPI.DLL
0x00007fff81f00000 - 0x00007fff81f0a000 	C:\WINDOWS\SYSTEM32\VERSION.dll
0x00007fff73360000 - 0x00007fff73387000 	C:\WINDOWS\SYSTEM32\WINMM.dll
0x00007fff73390000 - 0x00007fff73399000 	C:\WINDOWS\SYSTEM32\WSOCK32.dll
0x00007fff87820000 - 0x00007fff8788b000 	C:\WINDOWS\System32\WS2_32.dll
0x00007fff7be70000 - 0x00007fff7be7f000 	C:\Users\User\Downloads\Katalon_Studio_Windows_64-8.2.0\Katalon_Studio_Windows_64-8.2.0\jre\bin\verify.dll
0x00007fff7b630000 - 0x00007fff7b659000 	C:\Users\User\Downloads\Katalon_Studio_Windows_64-8.2.0\Katalon_Studio_Windows_64-8.2.0\jre\bin\java.dll
0x00007fff7be50000 - 0x00007fff7be66000 	C:\Users\User\Downloads\Katalon_Studio_Windows_64-8.2.0\Katalon_Studio_Windows_64-8.2.0\jre\bin\zip.dll
0x00007fff87890000 - 0x00007fff87fd4000 	C:\WINDOWS\System32\SHELL32.dll
0x00007fff84100000 - 0x00007fff84895000 	C:\WINDOWS\SYSTEM32\windows.storage.dll
0x00007fff88460000 - 0x00007fff887b5000 	C:\WINDOWS\System32\combase.dll
0x00007fff85d90000 - 0x00007fff85dbe000 	C:\WINDOWS\SYSTEM32\Wldp.dll
0x00007fff87120000 - 0x00007fff871cd000 	C:\WINDOWS\System32\SHCORE.dll
0x00007fff875b0000 - 0x00007fff87605000 	C:\WINDOWS\System32\shlwapi.dll
0x00007fff86360000 - 0x00007fff8637f000 	C:\WINDOWS\SYSTEM32\profapi.dll
0x00007fff7b060000 - 0x00007fff7b07b000 	C:\Users\User\Downloads\Katalon_Studio_Windows_64-8.2.0\Katalon_Studio_Windows_64-8.2.0\jre\bin\net.dll
0x00007fff85b70000 - 0x00007fff85bda000 	C:\WINDOWS\system32\mswsock.dll
0x00007fff7b040000 - 0x00007fff7b051000 	C:\Users\User\Downloads\Katalon_Studio_Windows_64-8.2.0\Katalon_Studio_Windows_64-8.2.0\jre\bin\nio.dll
0x00007fff85870000 - 0x00007fff8593b000 	C:\WINDOWS\SYSTEM32\DNSAPI.dll
0x00007fff85830000 - 0x00007fff8586b000 	C:\WINDOWS\SYSTEM32\IPHLPAPI.DLL
0x00007fff86f00000 - 0x00007fff86f08000 	C:\WINDOWS\System32\NSI.dll
0x00007fff76cf0000 - 0x00007fff76cfa000 	C:\Windows\System32\rasadhlp.dll
0x00007fff75950000 - 0x00007fff759cf000 	C:\WINDOWS\System32\fwpuclnt.dll
0x00007fff86420000 - 0x00007fff86447000 	C:\WINDOWS\System32\bcrypt.dll
0x00007fff83760000 - 0x00007fff83784000 	C:\Users\User\Downloads\Katalon_Studio_Windows_64-8.2.0\Katalon_Studio_Windows_64-8.2.0\jre\bin\sunec.dll
0x00007fff83010000 - 0x00007fff8301c000 	C:\Users\User\Downloads\Katalon_Studio_Windows_64-8.2.0\Katalon_Studio_Windows_64-8.2.0\jre\bin\sunmscapi.dll
0x00007fff86b40000 - 0x00007fff86c96000 	C:\WINDOWS\System32\CRYPT32.dll
0x00007fff85e00000 - 0x00007fff85e27000 	C:\WINDOWS\SYSTEM32\ncrypt.dll
0x00007fff85dc0000 - 0x00007fff85dfb000 	C:\WINDOWS\SYSTEM32\NTASN1.dll
0x00007fff860d0000 - 0x00007fff860e8000 	C:\WINDOWS\SYSTEM32\CRYPTSP.dll
0x00007fff854a0000 - 0x00007fff854d4000 	C:\WINDOWS\system32\rsaenh.dll
0x00007fff86320000 - 0x00007fff8634e000 	C:\WINDOWS\SYSTEM32\USERENV.dll
0x00007fff864f0000 - 0x00007fff86572000 	C:\WINDOWS\System32\bcryptprimitives.dll
0x00007fff85d00000 - 0x00007fff85d0c000 	C:\WINDOWS\SYSTEM32\CRYPTBASE.dll
0x00007fff77820000 - 0x00007fff77837000 	C:\WINDOWS\SYSTEM32\dhcpcsvc6.DLL
0x00007fff77800000 - 0x00007fff7781d000 	C:\WINDOWS\SYSTEM32\dhcpcsvc.DLL
0x00007fff7c060000 - 0x00007fff7c077000 	C:\WINDOWS\system32\napinsp.dll
0x00007fff7c040000 - 0x00007fff7c05b000 	C:\WINDOWS\system32\pnrpnsp.dll
0x00007fff78c60000 - 0x00007fff78c75000 	C:\WINDOWS\system32\wshbth.dll
0x00007fff77a10000 - 0x00007fff77a2d000 	C:\WINDOWS\system32\NLAapi.dll
0x00007fff7af00000 - 0x00007fff7af12000 	C:\WINDOWS\System32\winrnr.dll

VM Arguments:
jvm_args: -Dgroovy.home=C:\Users\User/.groovy -Djava.system.class.loader=groovy.lang.GroovyClassLoader -Xmx2048m -Dfile.encoding=UTF-8 
java_command: org.codehaus.groovy.tools.GroovyStarter --classpath C:\Users\User\Katalon Studio\Bonus SE\Test-Automation-SE-Bonus\bin\keyword;C:\Users\User\Katalon Studio\Bonus SE\Test-Automation-SE-Bonus\Keywords;C:\Users\User\Katalon Studio\Bonus SE\Test-Automation-SE-Bonus\bin\listener;C:\Users\User\Katalon Studio\Bonus SE\Test-Automation-SE-Bonus\Test Listeners;C:\Users\User\Katalon Studio\Bonus SE\Test-Automation-SE-Bonus\bin\lib;C:\Users\User\Katalon Studio\Bonus SE\Test-Automation-SE-Bonus\Libs;C:\Users\User\Katalon Studio\Bonus SE\Test-Automation-SE-Bonus\bin\groovy;C:\Users\User\Katalon Studio\Bonus SE\Test-Automation-SE-Bonus\Include\scripts\groovy;C:\Users\User\Downloads\Katalon_Studio_Windows_64-8.2.0\Katalon_Studio_Windows_64-8.2.0\plugins\com.kms.katalon.core_1.0.0.202111170230.jar;C:\Users\User\Downloads\Katalon_Studio_Windows_64-8.2.0\Katalon_Studio_Windows_64-8.2.0\configuration\resources\lib\aalto-xml-1.0.0.jar;C:\Users\User\Downloads\Katalon_Studio_Windows_64-8.2.0\Katalon_Studio_Windows_64-8.2.0\configuration\resources\lib\aspectjweaver-1.9.1.jar;C:\Users\User\Downloads\Katalon_Studio_Windows_64-8.2.0\Katalon_Studio_Windows_64-8.2.0\configuration\resources\lib\bcpkix-jdk15on-1.64.jar;C:\Users\User\Downloads\Katalon_Studio_Windows_64-8.2.0\Katalon_Studio_Windows_64-8.2.0\configuration\resources\lib\bcprov-jdk15on-1.64.jar;C:\Users\User\Downloads\Katalon_Studio_Windows_64-8.2.0\Katalon_Studio_Windows_64-8.2.0\configuration\resources\lib\browsermob-core-2.1.5.jar;C:\Users\User\Downloads\Katalon_Studio_Windows_64-8.2.0\Katalon_Studio_Windows_64-8.2.0\configuration\resources\lib\cglib-3.2.10.jar;C:\Users\User\Downloads\Katalon_Studio_Windows_64-8.2.0\Katalon_Studio_Windows_64-8.2.0\configuration\resources\lib\commons-codec-1.10.jar;C:\Users\User\Downloads\Katalon_Studio_Windows_64-8.2.0\Katalon_Studio_Windows_64-8.2.0\configuration\resources\lib\commons-collections4-4.1.jar;C:\Users\User\Downloads\Katalon_Studio_Windows_64-8.2.0\Katalon_Studio_Window
java_class_path (initial): C:\Users\User\Katalon Studio\Bonus SE\Test-Automation-SE-Bonus\bin\keyword;C:\Users\User\Katalon Studio\Bonus SE\Test-Automation-SE-Bonus\bin\listener;C:\Users\User\Katalon Studio\Bonus SE\Test-Automation-SE-Bonus\bin\lib;C:\Users\User\Katalon Studio\Bonus SE\Test-Automation-SE-Bonus\bin\groovy;C:\Users\User\Katalon Studio\Bonus SE\Test-Automation-SE-Bonus\bin;C:\Users\User\Downloads\Katalon_Studio_Windows_64-8.2.0\Katalon_Studio_Windows_64-8.2.0\plugins\com.kms.katalon.core_1.0.0.202111170230.jar;C:\Users\User\Downloads\Katalon_Studio_Windows_64-8.2.0\Katalon_Studio_Windows_64-8.2.0\configuration\resources\lib\aalto-xml-1.0.0.jar;C:\Users\User\Downloads\Katalon_Studio_Windows_64-8.2.0\Katalon_Studio_Windows_64-8.2.0\configuration\resources\lib\aspectjweaver-1.9.1.jar;C:\Users\User\Downloads\Katalon_Studio_Windows_64-8.2.0\Katalon_Studio_Windows_64-8.2.0\configuration\resources\lib\bcpkix-jdk15on-1.64.jar;C:\Users\User\Downloads\Katalon_Studio_Windows_64-8.2.0\Katalon_Studio_Windows_64-8.2.0\configuration\resources\lib\bcprov-jdk15on-1.64.jar;C:\Users\User\Downloads\Katalon_Studio_Windows_64-8.2.0\Katalon_Studio_Windows_64-8.2.0\configuration\resources\lib\browsermob-core-2.1.5.jar;C:\Users\User\Downloads\Katalon_Studio_Windows_64-8.2.0\Katalon_Studio_Windows_64-8.2.0\configuration\resources\lib\cglib-3.2.10.jar;C:\Users\User\Downloads\Katalon_Studio_Windows_64-8.2.0\Katalon_Studio_Windows_64-8.2.0\configuration\resources\lib\commons-codec-1.10.jar;C:\Users\User\Downloads\Katalon_Studio_Windows_64-8.2.0\Katalon_Studio_Windows_64-8.2.0\configuration\resources\lib\commons-collections4-4.1.jar;C:\Users\User\Downloads\Katalon_Studio_Windows_64-8.2.0\Katalon_Studio_Windows_64-8.2.0\configuration\resources\lib\commons-validator-1.6.jar;C:\Users\User\Downloads\Katalon_Studio_Windows_64-8.2.0\Katalon_Studio_Windows_64-8.2.0\configuration\resources\lib\curvesapi-1.04.jar;C:\Users\User\Downloads\Katalon_Studio_Windows_64-8.2.0\Katalon_Studio_Windo
Launcher Type: SUN_STANDARD

Environment Variables:
PATH=C:/Users/User/Downloads/Katalon_Studio_Windows_64-8.2.0/Katalon_Studio_Windows_64-8.2.0/jre/bin/server;C:/Users/User/Downloads/Katalon_Studio_Windows_64-8.2.0/Katalon_Studio_Windows_64-8.2.0/jre/bin;C:/Users/User/Downloads/Katalon_Studio_Windows_64-8.2.0/Katalon_Studio_Windows_64-8.2.0/jre/lib/amd64;C:\Program Files (x86)\Common Files\Oracle\Java\javapath;C:\Program Files\Python38\Scripts\;C:\Program Files\Python38\;C:\WINDOWS\system32;C:\WINDOWS;C:\WINDOWS\System32\Wbem;C:\WINDOWS\System32\WindowsPowerShell\v1.0\;C:\MinGW\bin;C:\WINDOWS\System32\OpenSSH\;C:\Users\User\Downloads\opencv\build\x64\vc15\bin;C:\Program Files\Microsoft SQL Server\Client SDK\ODBC\170\Tools\Binn\;C:\Program Files\Git\cmd;C:\Program Files\nodejs\;%SystemRoot%\system32;%SystemRoot%;%SystemRoot%\System32\Wbem;%SYSTEMROOT%\System32\WindowsPowerShell\v1.0\;%SYSTEMROOT%\System32\OpenSSH\;C:\Users\User\AppData\Local\Programs\Python\Python310\Scripts\;C:\Users\User\AppData\Local\Programs\Python\Python310\;C:\Users\User\AppData\Local\Microsoft\WindowsApps;C:\Users\User\AppData\Local\Programs\Microsoft VS Code\bin;C:\Users\User\Downloads\opencv\build\x64\vc15\bin;C:\Users\User\AppData\Roaming\npm;;C:\Users\User\Downloads\Katalon_Studio_Windows_64-8.2.0\Katalon_Studio_Windows_64-8.2.0;
USERNAME=QuangHuy
OS=Windows_NT
PROCESSOR_IDENTIFIER=Intel64 Family 6 Model 142 Stepping 10, GenuineIntel



---------------  S Y S T E M  ---------------

OS: Windows 10.0 , 64 bit Build 19041 (10.0.19041.1466)
HyperV virtualization detected

CPU:total 8 (initial active 8) (4 cores per cpu, 2 threads per core) family 6 model 142 stepping 10, cmov, cx8, fxsr, mmx, sse, sse2, sse3, ssse3, sse4.1, sse4.2, popcnt, avx, avx2, aes, clmul, erms, 3dnowpref, lzcnt, ht, tsc, tscinvbit, bmi1, bmi2, adx

Memory: 4k page, physical 8146004k(580532k free), swap 18376416k(252k free)

vm_info: OpenJDK 64-Bit Server VM (25.282-b08) for windows-amd64 JRE (Zulu 8.52.0.23-CA-win64) (1.8.0_282-b08), built on Jan 12 2021 07:45:49 by "tester" with MS VC++ 10.0 (VS2010)

time: Mon Jan 17 15:03:22 2022
timezone: SE Asia Standard Time
elapsed time: 281.999401 seconds (0d 0h 4m 41s)

